[WARNING/MainProcess] /home/roman/.cache/pypoetry/virtualenvs/site-checker-7w_O4fK--py3.10/lib/python3.10/site-packages/celery/worker/consumer/consumer.py:498: CPendingDeprecationWarning: The broker_connection_retry configuration setting will no longer determine
whether broker connection retries are made during startup in Celery 6.0 and above.
If you wish to retain the existing behavior for retrying connections on startup,
you should set broker_connection_retry_on_startup to True.
  warnings.warn(

[INFO/MainProcess] Connected to redis://localhost:6379/0
[WARNING/MainProcess] /home/roman/.cache/pypoetry/virtualenvs/site-checker-7w_O4fK--py3.10/lib/python3.10/site-packages/celery/worker/consumer/consumer.py:498: CPendingDeprecationWarning: The broker_connection_retry configuration setting will no longer determine
whether broker connection retries are made during startup in Celery 6.0 and above.
If you wish to retain the existing behavior for retrying connections on startup,
you should set broker_connection_retry_on_startup to True.
  warnings.warn(

[INFO/MainProcess] mingle: searching for neighbors
[INFO/MainProcess] mingle: all alone
[INFO/MainProcess] celery@roman-HP-Pavilion-Laptop-15-eh2xxx ready.
[INFO/MainProcess] Task site_checker.modules.parser.add_prepared_urls_data_to_db[830ec9e0-89f0-430b-be4a-a8a6e032b72a] received
[INFO/ForkPoolWorker-15] Task site_checker.modules.parser.add_prepared_urls_data_to_db[830ec9e0-89f0-430b-be4a-a8a6e032b72a] succeeded in 0.04580792499928066s: None
[INFO/MainProcess] Task site_checker.modules.parser.add_urls_data_to_db[2436a77b-fd48-420f-8595-3b6cda2e540a] received
[WARNING/ForkPoolWorker-15] object_didnt_created
[INFO/ForkPoolWorker-15] Task site_checker.modules.parser.add_urls_data_to_db[2436a77b-fd48-420f-8595-3b6cda2e540a] succeeded in 0.09461915100018814s: None
[WARNING/MainProcess] /home/roman/.cache/pypoetry/virtualenvs/site-checker-7w_O4fK--py3.10/lib/python3.10/site-packages/celery/worker/consumer/consumer.py:498: CPendingDeprecationWarning: The broker_connection_retry configuration setting will no longer determine
whether broker connection retries are made during startup in Celery 6.0 and above.
If you wish to retain the existing behavior for retrying connections on startup,
you should set broker_connection_retry_on_startup to True.
  warnings.warn(

[INFO/MainProcess] Connected to redis://localhost:6379/0
[WARNING/MainProcess] /home/roman/.cache/pypoetry/virtualenvs/site-checker-7w_O4fK--py3.10/lib/python3.10/site-packages/celery/worker/consumer/consumer.py:498: CPendingDeprecationWarning: The broker_connection_retry configuration setting will no longer determine
whether broker connection retries are made during startup in Celery 6.0 and above.
If you wish to retain the existing behavior for retrying connections on startup,
you should set broker_connection_retry_on_startup to True.
  warnings.warn(

[INFO/MainProcess] mingle: searching for neighbors
[INFO/MainProcess] mingle: all alone
[INFO/MainProcess] celery@roman-HP-Pavilion-Laptop-15-eh2xxx ready.
[INFO/MainProcess] Task site_checker.modules.parser.add_check_urls_data_to_db[eb981b59-018f-4798-9846-9fbc10ca0387] received
[INFO/MainProcess] Task site_checker.modules.parser.add_check_urls_data_to_db[2be56a37-5b9e-4bc9-88ed-c3de11f6f324] received
[INFO/MainProcess] Task site_checker.modules.parser.add_check_urls_data_to_db[3d70f0f5-94e8-4478-9db3-31c77c5dcc83] received
[INFO/ForkPoolWorker-16] Task site_checker.modules.parser.add_check_urls_data_to_db[2be56a37-5b9e-4bc9-88ed-c3de11f6f324] succeeded in 29.964813552999658s: None
[INFO/ForkPoolWorker-15] Task site_checker.modules.parser.add_check_urls_data_to_db[eb981b59-018f-4798-9846-9fbc10ca0387] succeeded in 29.98515120600041s: None
[INFO/ForkPoolWorker-1] Task site_checker.modules.parser.add_check_urls_data_to_db[3d70f0f5-94e8-4478-9db3-31c77c5dcc83] succeeded in 26.235821580999982s: None
